2017-09-11 20:38:54	remco	http://localhost:8888/bannertool/	Parse Error: 	syntax error, unexpected 'foreach' (T_FOREACH) (line 16 of /Applications/MAMP/htdocs/bannertool/site/templates/homepage.php)
2017-09-12 20:42:48	remco	http://localhost:8888/bannertool/klant-a/campagne-a/see-fase/336x280/	Parse Error: 	syntax error, unexpected '$file' (T_VARIABLE), expecting ',' or ';' (line 17 of /Applications/MAMP/htdocs/bannertool/site/templates/336x280.php)
2017-09-12 20:43:43	remco	http://localhost:8888/bannertool/klant-a/campagne-a/see-fase/336x280/	Parse Error: 	syntax error, unexpected '$file' (T_VARIABLE), expecting ',' or ';' (line 17 of /Applications/MAMP/htdocs/bannertool/site/templates/336x280.php)
2017-09-12 20:44:27	remco	http://localhost:8888/bannertool/klant-a/campagne-a/see-fase/336x280/	Parse Error: 	syntax error, unexpected '$file' (T_VARIABLE), expecting ',' or ';' (line 17 of /Applications/MAMP/htdocs/bannertool/site/templates/336x280.php)
2017-09-13 13:10:45	remco	http://localhost:8888/bannertool/	Error: 	Exception: Unknown Selector operator: '' -- was your selector value properly escaped?  (in /Applications/MAMP/htdocs/bannertool/wire/core/Selectors.php line 396)  #0 /Applications/MAMP/htdocs/bannertool/wire/core/Selectors.php(439): ProcessWire\Selectors->create('children', '', '') #1 /Applications/MAMP/htdocs/bannertool/wire/core/Selectors.php(159): ProcessWire\Selectors->extractString('children, sort=...') #2 /Applications/MAMP/htdocs/bannertool/wire/core/Selectors.php(145): ProcessWire\Selectors->setSelectorString('children, sort=...') #3 /Applications/MAMP/htdocs/bannertool/wire/core/PagesLoader.php(217): ProcessWire\Selectors->init('children, sort=...') #4 /Applications/MAMP/htdocs/bannertool/wire/core/Pages.php(232): ProcessWire\PagesLoader->find('children, sort=...', Array) #5 /Applications/MAMP/htdocs/bannertool/wire/core/Wire.php(383): ProcessWire\Pages->___find('children, sort=...') #6 /Applications/MAMP/htdocs/bannertool/wire/core/WireHooks.php(698): ProcessWire\Wire->_callMethod('___find', Array)
2017-09-13 14:30:26	klant-a	http://localhost:8888/bannertool/http404/	Parse Error: 	syntax error, unexpected 'include' (T_INCLUDE), expecting ',' or ';' (line 7 of /Applications/MAMP/htdocs/bannertool/site/assets/cache/FileCompiler/site/templates/client-page.php)
2017-09-13 16:40:32	remco	http://localhost:8888/bannertool/klant-a/campagne-a/see-fase/	Parse Error: 	syntax error, unexpected 'foreach' (T_FOREACH), expecting ',' or ';' (line 35 of /Applications/MAMP/htdocs/bannertool/site/assets/cache/FileCompiler/site/templates/iab-set-page.php)
2017-09-13 16:40:46	remco	http://localhost:8888/bannertool/klant-a/campagne-a/see-fase/	Parse Error: 	syntax error, unexpected 'foreach' (T_FOREACH), expecting ',' or ';' (line 35 of /Applications/MAMP/htdocs/bannertool/site/assets/cache/FileCompiler/site/templates/iab-set-page.php)
2017-09-13 16:41:24	remco	http://localhost:8888/bannertool/klant-a/campagne-a/see-fase/	Parse Error: 	syntax error, unexpected 'foreach' (T_FOREACH), expecting ',' or ';' (line 35 of /Applications/MAMP/htdocs/bannertool/site/assets/cache/FileCompiler/site/templates/iab-set-page.php)
2017-09-14 09:11:45	remco	http://localhost:8888/bannertool/klant-a/campagne-a/see-fase/	Compile Error: 	Cannot use isset() on the result of an expression (you can use "null !== expression" instead) (line 41 of /Applications/MAMP/htdocs/bannertool/site/assets/cache/FileCompiler/site/templates/iab-set-page.php)
2017-09-14 09:13:01	remco	http://localhost:8888/bannertool/klant-a/campagne-a/see-fase/	Parse Error: 	syntax error, unexpected '$reaction' (T_VARIABLE), expecting '(' (line 41 of /Applications/MAMP/htdocs/bannertool/site/assets/cache/FileCompiler/site/templates/iab-set-page.php)
2017-09-17 13:52:23	remco	http://localhost:8888/bannertool/klant-a/campagne-a/see-fase/	Error: 	Exception: Method Role::hasRole does not exist or is not callable in this context (in /Applications/MAMP/htdocs/bannertool/wire/core/Wire.php line 519)  #0 /Applications/MAMP/htdocs/bannertool/wire/core/Page.php(1607): ProcessWire\Wire->___callUnknown('hasRole', Array) #1 /Applications/MAMP/htdocs/bannertool/wire/core/Wire.php(386): ProcessWire\Page->___callUnknown('hasRole', Array) #2 /Applications/MAMP/htdocs/bannertool/wire/core/WireHooks.php(698): ProcessWire\Wire->_callMethod('___callUnknown', Array) #3 /Applications/MAMP/htdocs/bannertool/wire/core/Wire.php(442): ProcessWire\WireHooks->runHooks(Object(ProcessWire\Role), 'callUnknown', Array) #4 /Applications/MAMP/htdocs/bannertool/wire/core/Wire.php(445): ProcessWire\Wire->__call('callUnknown', Array) #5 /Applications/MAMP/htdocs/bannertool/site/assets/cache/FileCompiler/site/templates/iab-set-page.php(62): ProcessWire\Wire->__call('hasRole', Array) #6 /Applications/MAMP/htdocs/bannertool/wire/core/TemplateFile.php(268): require('/Applications/M...') #7
2017-09-17 13:58:27	remco	http://localhost:8888/bannertool/klant-a/campagne-a/see-fase/	Error: 	Uncaught Error: Call to a member function hasRole() on string in /Applications/MAMP/htdocs/bannertool/site/assets/cache/FileCompiler/site/templates/iab-set-page.php:59 Stack trace: #0 /Applications/MAMP/htdocs/bannertool/wire/core/TemplateFile.php(268): require() #1 /Applications/MAMP/htdocs/bannertool/wire/core/Wire.php(380): ProcessWire\TemplateFile->___render() #2 /Applications/MAMP/htdocs/bannertool/wire/core/WireHooks.php(698): ProcessWire\Wire->_callMethod('___render', Array) #3 /Applications/MAMP/htdocs/bannertool/wire/core/Wire.php(442): ProcessWire\WireHooks->runHooks(Object(ProcessWire\TemplateFile), 'render', Array) #4 /Applications/MAMP/htdocs/bannertool/wire/modules/PageRender.module(514): ProcessWire\Wire->__call('render', Array) #5 /Applications/MAMP/htdocs/bannertool/wire/core/Wire.php(383): ProcessWire\PageRender->___renderPage(Object(ProcessWire\HookEvent)) #6 /Applications/MAMP/htdocs/bannertool/wire/core/WireHooks.php(698): ProcessWire\Wire->_callMethod('___renderPage', Array) #7 /Applicat (line 59 of /Applications/MAMP/htdocs/bannertool/site/assets/cache/FileCompiler/site/templates/iab-set-page.php)
2017-09-17 14:05:52	remco	http://localhost:8888/bannertool/klant-a/campagne-a/see-fase/	Parse Error: 	syntax error, unexpected 'echo' (T_ECHO), expecting ',' or ';' (line 53 of /Applications/MAMP/htdocs/bannertool/site/assets/cache/FileCompiler/site/templates/iab-set-page.php)
2017-09-17 14:21:44	remco	http://localhost:8888/bannertool/klant-a/campagne-a/see-fase/	Parse Error: 	syntax error, unexpected '=', expecting ',' or ';' (line 63 of /Applications/MAMP/htdocs/bannertool/site/assets/cache/FileCompiler/site/templates/iab-set-page.php)
2017-09-17 19:26:47	remco	http://localhost:8888/bannertool/	Parse Error: 	syntax error, unexpected '$client' (T_VARIABLE), expecting ',' or ';' (line 8 of /Applications/MAMP/htdocs/bannertool/site/assets/cache/FileCompiler/site/templates/homepage.php)
2017-09-30 17:58:51	remco	http://localhost:8888/bannertool/canvas/	Parse Error: 	syntax error, unexpected 'echo' (T_ECHO) (line 6 of /Applications/MAMP/htdocs/bannertool/site/assets/cache/FileCompiler/site/templates/canvas.php)
2017-10-02 21:22:54	remco	http://localhost:8888/bannertool/canvas/	Parse Error: 	syntax error, unexpected 'echo' (T_ECHO) (line 26 of /Applications/MAMP/htdocs/bannertool/site/assets/cache/FileCompiler/site/templates/canvas.php)
2017-10-02 21:39:38	remco	http://localhost:8888/bannertool/canvas/	Parse Error: 	syntax error, unexpected ';', expecting ',' or ')' (line 21 of /Applications/MAMP/htdocs/bannertool/site/assets/cache/FileCompiler/site/templates/canvas.php)
2017-10-02 21:42:49	remco	http://localhost:8888/bannertool/canvas/	Parse Error: 	syntax error, unexpected 'echo' (T_ECHO) (line 22 of /Applications/MAMP/htdocs/bannertool/site/assets/cache/FileCompiler/site/templates/canvas.php)
2017-10-02 21:43:43	remco	http://localhost:8888/bannertool/canvas/	Parse Error: 	syntax error, unexpected 'echo' (T_ECHO) (line 22 of /Applications/MAMP/htdocs/bannertool/site/assets/cache/FileCompiler/site/templates/canvas.php)
2017-10-02 21:47:23	remco	http://localhost:8888/bannertool/canvas/	Error: 	Exception: Method Pagefile::count does not exist or is not callable in this context (in /Applications/MAMP/htdocs/bannertool/wire/core/Wire.php line 519)  #0 /Applications/MAMP/htdocs/bannertool/wire/core/Wire.php(386): ProcessWire\Wire->___callUnknown('count', Array) #1 /Applications/MAMP/htdocs/bannertool/wire/core/WireHooks.php(698): ProcessWire\Wire->_callMethod('___callUnknown', Array) #2 /Applications/MAMP/htdocs/bannertool/wire/core/Wire.php(442): ProcessWire\WireHooks->runHooks(Object(ProcessWire\Pagefile), 'callUnknown', Array) #3 /Applications/MAMP/htdocs/bannertool/wire/core/Wire.php(445): ProcessWire\Wire->__call('callUnknown', Array) #4 /Applications/MAMP/htdocs/bannertool/site/assets/cache/FileCompiler/site/templates/canvas.php(20): ProcessWire\Wire->__call('count', Array) #5 /Applications/MAMP/htdocs/bannertool/wire/core/TemplateFile.php(268): require('/Applications/M...') #6 /Applications/MAMP/htdocs/bannertool/wire/core/Wire.php(380): ProcessWire\TemplateFile->___render() #7 /Applications/MAM
2018-01-24 16:09:34	remco	http://localhost:8888/bannertool/klant-a/campagne-a/see-fase/	Parse Error: 	syntax error, unexpected 'itemSelector' (T_STRING), expecting ',' or ';' (line 9 of /Applications/MAMP/htdocs/bannertool/site/assets/cache/FileCompiler/site/templates/iab-set-page.php)
2018-01-26 16:51:53	remco	http://localhost:8888/bannertool/klant-a/campagne-a/see-fase/	Parse Error: 	syntax error, unexpected 'echo' (T_ECHO), expecting ',' or ';' (line 26 of /Applications/MAMP/htdocs/bannertool/site/assets/cache/FileCompiler/site/templates/iab-set-page.php)
2018-01-26 16:51:59	remco	http://localhost:8888/bannertool/klant-a/campagne-a/see-fase/	Parse Error: 	syntax error, unexpected 'echo' (T_ECHO), expecting ',' or ';' (line 26 of /Applications/MAMP/htdocs/bannertool/site/assets/cache/FileCompiler/site/templates/iab-set-page.php)
2018-01-30 19:37:53	remco	http://localhost:8888/bannertool/new10/q2/see/	Compile Error: 	Cannot use isset() on the result of an expression (you can use "null !== expression" instead) (line 9 of /Applications/MAMP/htdocs/bannertool/site/assets/cache/FileCompiler/site/templates/fase-page.php)
2018-01-30 19:38:53	remco	http://localhost:8888/bannertool/new10/q2/see/	Compile Error: 	Cannot use isset() on the result of an expression (you can use "null !== expression" instead) (line 12 of /Applications/MAMP/htdocs/bannertool/site/assets/cache/FileCompiler/site/templates/fase-page.php)
2018-02-01 12:04:29	remco	http://localhost:8888/bannertool/new10/q2/see/clear/	Parse Error: 	syntax error, unexpected '}', expecting ',' or ';' (line 26 of /Applications/MAMP/htdocs/bannertool/site/assets/cache/FileCompiler/site/templates/iab-set-page.php)
2018-02-01 12:04:29	remco	http://localhost:8888/bannertool/new10/q2/see/simple/	Parse Error: 	syntax error, unexpected '}', expecting ',' or ';' (line 26 of /Applications/MAMP/htdocs/bannertool/site/assets/cache/FileCompiler/site/templates/iab-set-page.php)
2018-02-01 12:04:29	remco	http://localhost:8888/bannertool/new10/q2/see/fast/	Parse Error: 	syntax error, unexpected '}', expecting ',' or ';' (line 26 of /Applications/MAMP/htdocs/bannertool/site/assets/cache/FileCompiler/site/templates/iab-set-page.php)
2018-02-01 12:39:07	remco	http://localhost:8888/bannertool/new10/q2/see/clear/	Parse Error: 	syntax error, unexpected 'if' (T_IF), expecting ',' or ';' (line 45 of /Applications/MAMP/htdocs/bannertool/site/assets/cache/FileCompiler/site/templates/iab-set-page.php)
2018-02-01 12:39:07	remco	http://localhost:8888/bannertool/new10/q2/see/simple/	Parse Error: 	syntax error, unexpected 'if' (T_IF), expecting ',' or ';' (line 45 of /Applications/MAMP/htdocs/bannertool/site/assets/cache/FileCompiler/site/templates/iab-set-page.php)
2018-02-01 12:39:07	remco	http://localhost:8888/bannertool/new10/q2/see/fast/	Parse Error: 	syntax error, unexpected 'if' (T_IF), expecting ',' or ';' (line 45 of /Applications/MAMP/htdocs/bannertool/site/assets/cache/FileCompiler/site/templates/iab-set-page.php)
2018-02-01 13:46:00	remco	http://localhost:8888/bannertool/new10/q2/think/clear/	Parse Error: 	syntax error, unexpected 'if' (T_IF), expecting ',' or ';' (line 23 of /Applications/MAMP/htdocs/bannertool/site/assets/cache/FileCompiler/site/templates/iab-set-page.php)
2018-02-01 13:46:00	remco	http://localhost:8888/bannertool/new10/q2/think/simple/	Parse Error: 	syntax error, unexpected 'if' (T_IF), expecting ',' or ';' (line 23 of /Applications/MAMP/htdocs/bannertool/site/assets/cache/FileCompiler/site/templates/iab-set-page.php)
2018-02-01 13:46:00	remco	http://localhost:8888/bannertool/new10/q2/think/fast/	Parse Error: 	syntax error, unexpected 'if' (T_IF), expecting ',' or ';' (line 23 of /Applications/MAMP/htdocs/bannertool/site/assets/cache/FileCompiler/site/templates/iab-set-page.php)
2018-02-01 14:56:13	remco	http://localhost:8888/bannertool/new10/q2/think/clear/	Error: 	Allowed memory size of 134217728 bytes exhausted (tried to allocate 117178368 bytes) (line 28 of /Applications/MAMP/htdocs/bannertool/site/assets/cache/FileCompiler/site/templates/iab-set-page.php)
2018-02-01 14:56:29	remco	http://localhost:8888/bannertool/new10/q2/think/clear/	Error: 	Allowed memory size of 134217728 bytes exhausted (tried to allocate 117178368 bytes) (line 28 of /Applications/MAMP/htdocs/bannertool/site/assets/cache/FileCompiler/site/templates/iab-set-page.php)
2018-02-01 14:57:23	remco	http://localhost:8888/bannertool/new10/q2/think/clear/	Error: 	Allowed memory size of 134217728 bytes exhausted (tried to allocate 117178368 bytes) (line 26 of /Applications/MAMP/htdocs/bannertool/site/assets/cache/FileCompiler/site/templates/iab-set-page.php)
2018-02-01 15:01:09	remco	http://localhost:8888/bannertool/new10/q2/think/clear/	Error: 	Allowed memory size of 134217728 bytes exhausted (tried to allocate 117178368 bytes) (line 26 of /Applications/MAMP/htdocs/bannertool/site/assets/cache/FileCompiler/site/templates/iab-set-page.php)
2018-02-05 16:03:36	remco	http://localhost:8888/bannertool/new10/q2/	Parse Error: 	syntax error, unexpected '}', expecting ',' or ';' (line 9 of /Applications/MAMP/htdocs/bannertool/site/assets/cache/FileCompiler/site/templates/campaign-page.php)
2018-02-06 13:29:48	remco	http://localhost:8888/bannertool/new10/	Parse Error: 	syntax error, unexpected ';' (line 34 of /Applications/MAMP/htdocs/bannertool/site/assets/cache/FileCompiler/site/templates/client-new10-page.php)
2018-02-06 13:37:03	remco	http://localhost:8888/bannertool/new10/	Parse Error: 	syntax error, unexpected end of file (line 110 of /Applications/MAMP/htdocs/bannertool/site/assets/cache/FileCompiler/site/templates/client-new10-page.php)
2018-02-06 14:44:55	remco	http://localhost:8888/bannertool/klant-b/	Parse Error: 	syntax error, unexpected '$image' (T_VARIABLE) (line 52 of /Applications/MAMP/htdocs/bannertool/site/assets/cache/FileCompiler/site/templates/client-klant-b-page.php)
2018-02-06 15:54:05	remco	http://localhost:8888/bannertool/klant-b/campagne-c/see/iab-repeater-set/	Parse Error: 	syntax error, unexpected '}' (line 18 of /Applications/MAMP/htdocs/bannertool/site/assets/cache/FileCompiler/site/templates/iab-set-repeater.php)
2018-02-06 16:45:41	remco	http://localhost:8888/bannertool/klant-b/campagne-b/see/	Error: 	Call to a member function size() on null (line 13 of /Applications/MAMP/htdocs/bannertool/site/assets/cache/FileCompiler/site/templates/fase-page.php)
2018-02-06 17:19:22	remco	http://localhost:8888/bannertool/klant-b/campagne-c/think/	Parse Error: 	syntax error, unexpected 'echo' (T_ECHO), expecting ',' or ';' (line 64 of /Applications/MAMP/htdocs/bannertool/site/assets/cache/FileCompiler/site/templates/fase-page.php)
2018-02-10 18:23:04	remco	http://localhost:8888/bannertool/new10/	Error: 	Call to a member function date() on null (line 33 of /Applications/MAMP/htdocs/bannertool/site/assets/cache/FileCompiler/site/templates/client-new10-page.php)
